<?xml version="1.0" encoding="UTF-8"?>
<testng-results ignored="2" total="4" passed="2" failed="0" skipped="0">
  <reporter-output>
    <line>
      <![CDATA[Test started]]>
    </line>
    <line>
      <![CDATA[Test case passed]]>
    </line>
    <line>
      <![CDATA[Test started]]>
    </line>
    <line>
      <![CDATA[Test case passed]]>
    </line>
  </reporter-output>
  <suite started-at="2026-03-31T20:34:10 IST" name="Suite" finished-at="2026-03-31T20:34:38 IST" duration-ms="28090">
    <groups>
      <group name="sanity">
        <method signature="LoginTest.executeLogin()[pri:0, instance:TestClass.LoginTest@77fbd92c]" name="executeLogin" class="TestClass.LoginTest"/>
        <method signature="LogoutTest.validateLogout()[pri:0, instance:TestClass.LogoutTest@4d5d943d]" name="validateLogout" class="TestClass.LogoutTest"/>
      </group> <!-- sanity -->
    </groups>
    <test started-at="2026-03-31T20:34:10 IST" name="Test" finished-at="2026-03-31T20:34:38 IST" duration-ms="28090">
      <class name="TestClass.LogoutTest">
        <test-method is-config="true" signature="launchBrowser()[pri:0, instance:TestClass.LogoutTest@4d5d943d]" started-at="2026-03-31T20:34:25 IST" name="launchBrowser" finished-at="2026-03-31T20:34:31 IST" duration-ms="6253" status="PASS">
          <reporter-output>
          </reporter-output>
        </test-method> <!-- launchBrowser -->
        <test-method signature="validateLogout()[pri:0, instance:TestClass.LogoutTest@4d5d943d]" started-at="2026-03-31T20:34:31 IST" name="validateLogout" finished-at="2026-03-31T20:34:38 IST" duration-ms="7340" status="PASS">
          <reporter-output>
            <line>
              <![CDATA[Test started]]>
            </line>
            <line>
              <![CDATA[Test case passed]]>
            </line>
          </reporter-output>
        </test-method> <!-- validateLogout -->
        <test-method is-config="true" signature="closeWindow()[pri:0, instance:TestClass.LogoutTest@4d5d943d]" started-at="2026-03-31T20:34:38 IST" name="closeWindow" finished-at="2026-03-31T20:34:38 IST" duration-ms="247" status="PASS">
          <reporter-output>
          </reporter-output>
        </test-method> <!-- closeWindow -->
      </class> <!-- TestClass.LogoutTest -->
      <class name="TestClass.LoginTest">
        <test-method is-config="true" signature="launchBrowser()[pri:0, instance:TestClass.LoginTest@77fbd92c]" started-at="2026-03-31T20:34:10 IST" name="launchBrowser" finished-at="2026-03-31T20:34:18 IST" duration-ms="7425" status="PASS">
          <reporter-output>
          </reporter-output>
        </test-method> <!-- launchBrowser -->
        <test-method signature="executeLogin()[pri:0, instance:TestClass.LoginTest@77fbd92c]" started-at="2026-03-31T20:34:18 IST" name="executeLogin" finished-at="2026-03-31T20:34:24 IST" duration-ms="6457" status="PASS">
          <reporter-output>
            <line>
              <![CDATA[Test started]]>
            </line>
            <line>
              <![CDATA[Test case passed]]>
            </line>
          </reporter-output>
        </test-method> <!-- executeLogin -->
        <test-method is-config="true" signature="closeWindow()[pri:0, instance:TestClass.LoginTest@77fbd92c]" started-at="2026-03-31T20:34:24 IST" name="closeWindow" finished-at="2026-03-31T20:34:25 IST" duration-ms="287" status="PASS">
          <reporter-output>
          </reporter-output>
        </test-method> <!-- closeWindow -->
      </class> <!-- TestClass.LoginTest -->
    </test> <!-- Test -->
  </suite> <!-- Suite -->
</testng-results>
