<?xml version="1.0" encoding="UTF-8"?>
<!-- Generated by org.testng.reporters.JUnitReportReporter -->
<testsuite hostname="DESKTOP-II0GR71" failures="0" tests="2" name="TestClass.NewAppointmentTest" time="37.128" errors="0" timestamp="2026-03-21T17:14:08 IST" skipped="0">
  <testcase classname="TestClass.NewAppointmentTest" name="createAppointment" time="18.292"/>
  <system-out/>
  <testcase classname="TestClass.NewAppointmentTest" name="createAppointment" time="18.836"/>
  <system-out/>
</testsuite> <!-- TestClass.NewAppointmentTest -->
