<?xml version="1.0" encoding="UTF-8"?>
<!-- Generated by org.testng.reporters.JUnitXMLReporter -->
<testsuite ignored="0" hostname="DESKTOP-II0GR71" failures="0" tests="5" name="Surefire test" time="79.805" errors="0" timestamp="2026-03-31T20:36:48 IST">
  <testcase classname="TestClass.BookedAppointmentsTest" name="validateAppointments" time="13.328"/>
  <testcase classname="TestClass.LoginTest" name="executeLogin" time="6.233"/>
  <testcase classname="TestClass.LogoutTest" name="validateLogout" time="7.544"/>
  <testcase classname="TestClass.NewAppointmentTest" name="createAppointment" time="13.003"/>
  <testcase classname="TestClass.NewAppointmentTest" name="createAppointment" time="12.565"/>
</testsuite> <!-- Surefire test -->
