<?xml version="1.0" encoding="UTF-8"?>
<testng-results ignored="0" total="5" passed="5" failed="0" skipped="0">
  <reporter-output>
    <line>
      <![CDATA[Test started]]>
    </line>
    <line>
      <![CDATA[Test case passed]]>
    </line>
    <line>
      <![CDATA[Test started]]>
    </line>
    <line>
      <![CDATA[Test case passed]]>
    </line>
    <line>
      <![CDATA[Test started]]>
    </line>
    <line>
      <![CDATA[Test case passed]]>
    </line>
    <line>
      <![CDATA[Test started]]>
    </line>
    <line>
      <![CDATA[Test case passed]]>
    </line>
    <line>
      <![CDATA[Test started]]>
    </line>
    <line>
      <![CDATA[Test case passed]]>
    </line>
  </reporter-output>
  <suite started-at="2026-03-31T20:35:28 IST" name="Surefire suite" finished-at="2026-03-31T20:36:48 IST" duration-ms="79805">
    <groups>
      <group name="sanity">
        <method signature="LoginTest.executeLogin()[pri:0, instance:TestClass.LoginTest@1a04f701]" name="executeLogin" class="TestClass.LoginTest"/>
        <method signature="LogoutTest.validateLogout()[pri:0, instance:TestClass.LogoutTest@4e91d63f]" name="validateLogout" class="TestClass.LogoutTest"/>
      </group> <!-- sanity -->
    </groups>
    <test started-at="2026-03-31T20:35:28 IST" name="Surefire test" finished-at="2026-03-31T20:36:48 IST" duration-ms="79805">
      <class name="TestClass.LogoutTest">
        <test-method is-config="true" signature="launchBrowser()[pri:0, instance:TestClass.LogoutTest@4e91d63f]" started-at="2026-03-31T20:35:59 IST" name="launchBrowser" finished-at="2026-03-31T20:36:05 IST" duration-ms="5975" status="PASS">
          <reporter-output>
          </reporter-output>
        </test-method> <!-- launchBrowser -->
        <test-method signature="validateLogout()[pri:0, instance:TestClass.LogoutTest@4e91d63f]" started-at="2026-03-31T20:36:05 IST" name="validateLogout" finished-at="2026-03-31T20:36:12 IST" duration-ms="7544" status="PASS">
          <reporter-output>
            <line>
              <![CDATA[Test started]]>
            </line>
            <line>
              <![CDATA[Test case passed]]>
            </line>
          </reporter-output>
        </test-method> <!-- validateLogout -->
        <test-method is-config="true" signature="closeWindow()[pri:0, instance:TestClass.LogoutTest@4e91d63f]" started-at="2026-03-31T20:36:12 IST" name="closeWindow" finished-at="2026-03-31T20:36:13 IST" duration-ms="297" status="PASS">
          <reporter-output>
          </reporter-output>
        </test-method> <!-- closeWindow -->
      </class> <!-- TestClass.LogoutTest -->
      <class name="TestClass.BookedAppointmentsTest">
        <test-method is-config="true" signature="launchBrowser()[pri:0, instance:TestClass.BookedAppointmentsTest@222114ba]" started-at="2026-03-31T20:35:28 IST" name="launchBrowser" finished-at="2026-03-31T20:35:34 IST" duration-ms="6061" status="PASS">
          <reporter-output>
          </reporter-output>
        </test-method> <!-- launchBrowser -->
        <test-method signature="validateAppointments()[pri:0, instance:TestClass.BookedAppointmentsTest@222114ba]" started-at="2026-03-31T20:35:34 IST" name="validateAppointments" finished-at="2026-03-31T20:35:48 IST" duration-ms="13328" status="PASS">
          <reporter-output>
            <line>
              <![CDATA[Test started]]>
            </line>
            <line>
              <![CDATA[Test case passed]]>
            </line>
          </reporter-output>
        </test-method> <!-- validateAppointments -->
        <test-method is-config="true" signature="closeWindow()[pri:0, instance:TestClass.BookedAppointmentsTest@222114ba]" started-at="2026-03-31T20:35:48 IST" name="closeWindow" finished-at="2026-03-31T20:35:48 IST" duration-ms="327" status="PASS">
          <reporter-output>
          </reporter-output>
        </test-method> <!-- closeWindow -->
      </class> <!-- TestClass.BookedAppointmentsTest -->
      <class name="TestClass.NewAppointmentTest">
        <test-method is-config="true" signature="launchBrowser()[pri:0, instance:TestClass.NewAppointmentTest@d4342c2]" started-at="2026-03-31T20:36:13 IST" name="launchBrowser" finished-at="2026-03-31T20:36:17 IST" duration-ms="4668" status="PASS">
          <reporter-output>
          </reporter-output>
        </test-method> <!-- launchBrowser -->
        <test-method signature="createAppointment(java.lang.String,java.lang.String)[pri:0, instance:TestClass.NewAppointmentTest@d4342c2]" started-at="2026-03-31T20:36:17 IST" name="createAppointment" data-provider="bookAppointment" finished-at="2026-03-31T20:36:30 IST" duration-ms="13003" status="PASS">
          <params>
            <param index="0">
              <value>
                <![CDATA[06/04/2026]]>
              </value>
            </param>
            <param index="1">
              <value>
                <![CDATA[This booking is for physician]]>
              </value>
            </param>
          </params>
          <reporter-output>
            <line>
              <![CDATA[Test started]]>
            </line>
            <line>
              <![CDATA[Test case passed]]>
            </line>
          </reporter-output>
        </test-method> <!-- createAppointment -->
        <test-method is-config="true" signature="closeWindow()[pri:0, instance:TestClass.NewAppointmentTest@d4342c2]" started-at="2026-03-31T20:36:30 IST" name="closeWindow" finished-at="2026-03-31T20:36:31 IST" duration-ms="297" status="PASS">
          <reporter-output>
          </reporter-output>
        </test-method> <!-- closeWindow -->
        <test-method is-config="true" signature="launchBrowser()[pri:0, instance:TestClass.NewAppointmentTest@d4342c2]" started-at="2026-03-31T20:36:31 IST" name="launchBrowser" finished-at="2026-03-31T20:36:35 IST" duration-ms="4322" status="PASS">
          <reporter-output>
          </reporter-output>
        </test-method> <!-- launchBrowser -->
        <test-method signature="createAppointment(java.lang.String,java.lang.String)[pri:0, instance:TestClass.NewAppointmentTest@d4342c2]" started-at="2026-03-31T20:36:35 IST" name="createAppointment" data-provider="bookAppointment" finished-at="2026-03-31T20:36:48 IST" duration-ms="12565" status="PASS">
          <params>
            <param index="0">
              <value>
                <![CDATA[09/04/2026]]>
              </value>
            </param>
            <param index="1">
              <value>
                <![CDATA[This booking is for Nephrologist]]>
              </value>
            </param>
          </params>
          <reporter-output>
            <line>
              <![CDATA[Test started]]>
            </line>
            <line>
              <![CDATA[Test case passed]]>
            </line>
          </reporter-output>
        </test-method> <!-- createAppointment -->
        <test-method is-config="true" signature="closeWindow()[pri:0, instance:TestClass.NewAppointmentTest@d4342c2]" started-at="2026-03-31T20:36:48 IST" name="closeWindow" finished-at="2026-03-31T20:36:48 IST" duration-ms="278" status="PASS">
          <reporter-output>
          </reporter-output>
        </test-method> <!-- closeWindow -->
      </class> <!-- TestClass.NewAppointmentTest -->
      <class name="TestClass.LoginTest">
        <test-method is-config="true" signature="launchBrowser()[pri:0, instance:TestClass.LoginTest@1a04f701]" started-at="2026-03-31T20:35:48 IST" name="launchBrowser" finished-at="2026-03-31T20:35:52 IST" duration-ms="4525" status="PASS">
          <reporter-output>
          </reporter-output>
        </test-method> <!-- launchBrowser -->
        <test-method signature="executeLogin()[pri:0, instance:TestClass.LoginTest@1a04f701]" started-at="2026-03-31T20:35:52 IST" name="executeLogin" finished-at="2026-03-31T20:35:59 IST" duration-ms="6233" status="PASS">
          <reporter-output>
            <line>
              <![CDATA[Test started]]>
            </line>
            <line>
              <![CDATA[Test case passed]]>
            </line>
          </reporter-output>
        </test-method> <!-- executeLogin -->
        <test-method is-config="true" signature="closeWindow()[pri:0, instance:TestClass.LoginTest@1a04f701]" started-at="2026-03-31T20:35:59 IST" name="closeWindow" finished-at="2026-03-31T20:35:59 IST" duration-ms="284" status="PASS">
          <reporter-output>
          </reporter-output>
        </test-method> <!-- closeWindow -->
      </class> <!-- TestClass.LoginTest -->
    </test> <!-- Surefire test -->
  </suite> <!-- Surefire suite -->
</testng-results>
