<?xml version="1.0" encoding="UTF-8"?>
<!-- Generated by org.testng.reporters.JUnitReportReporter -->
<testsuite hostname="DESKTOP-II0GR71" failures="0" tests="2" name="TestClass.NewAppointmentTest" time="35.133" errors="0" timestamp="2026-03-31T20:36:48 IST" skipped="0">
  <testcase classname="TestClass.NewAppointmentTest" name="createAppointment" time="17.511"/>
  <system-out>
    <![CDATA[Test started
Test case passed]]>
  </system-out>
  <testcase classname="TestClass.NewAppointmentTest" name="createAppointment" time="17.622"/>
  <system-out>
    <![CDATA[Test started
Test case passed]]>
  </system-out>
</testsuite> <!-- TestClass.NewAppointmentTest -->
