<?xml version="1.0" encoding="UTF-8"?>
<!-- Generated by org.testng.reporters.JUnitReportReporter -->
<testsuite hostname="DESKTOP-II0GR71" failures="0" tests="1" name="TestClass.BookedAppointmentsTest" time="19.716" errors="0" timestamp="2026-03-31T20:36:48 IST" skipped="0">
  <testcase classname="TestClass.BookedAppointmentsTest" name="validateAppointments" time="19.716"/>
  <system-out>
    <![CDATA[Test started
Test case passed]]>
  </system-out>
</testsuite> <!-- TestClass.BookedAppointmentsTest -->
