<?xml version="1.0" encoding="UTF-8"?>
<!-- Generated by org.testng.reporters.JUnitXMLReporter -->
<testsuite ignored="2" hostname="DESKTOP-II0GR71" failures="0" tests="2" name="Test" time="28.09" errors="0" timestamp="2026-03-31T20:34:38 IST">
  <testcase classname="TestClass.LoginTest" name="executeLogin" time="6.457"/>
  <testcase classname="TestClass.LogoutTest" name="validateLogout" time="7.34"/>
  <testcase classname="TestClass.NewAppointmentTest" name="createAppointment" time="0.0">
    <ignored/>
  </testcase> <!-- createAppointment -->
  <testcase classname="TestClass.BookedAppointmentsTest" name="validateAppointments" time="0.0">
    <ignored/>
  </testcase> <!-- validateAppointments -->
</testsuite> <!-- Test -->
